\BOOKMARK [0][-]{chapter.1}{\376\377\0001\000.\000\040\000B\000e\000v\000e\000z\000e\000t\000\351\000s}{}% 1
\BOOKMARK [0][-]{chapter.2}{\376\377\0002\000.\000\040\000S\000z\000a\000k\000d\000o\000l\000g\000o\000z\000a\000t\000o\000m\000\040\000e\000l\000m\000\351\000l\000e\000t\000i\000\040\000a\000l\000a\000p\000j\000a\000i}{}% 2
\BOOKMARK [1][-]{section.2.1}{\376\377\0002\000.\0001\000.\000\040\000H\000\341\000t\000t\000\351\000r\000e\000l\000m\000\351\000l\000e\000t\000i\000\040\000f\000o\000r\000r\000\341\000s}{chapter.2}% 3
\BOOKMARK [2][-]{subsection.2.1.1}{\376\377\0002\000.\0001\000.\0001\000.\000\040\000G\000y\000a\000k\000o\000r\000l\000a\000t\000i\000\040\000h\000a\000s\000z\000n\000a}{section.2.1}% 4
\BOOKMARK [2][-]{subsection.2.1.2}{\376\377\0002\000.\0001\000.\0002\000.\000\040\000M\000\363\000d\000s\000z\000e\000r\000\040\000l\000\351\000t\000f\000o\000n\000t\000o\000s\000s\000\341\000g\000a}{section.2.1}% 5
\BOOKMARK [2][-]{subsection.2.1.3}{\376\377\0002\000.\0001\000.\0003\000.\000\040\000I\000n\000t\000e\000l\000l\000i\000g\000e\000n\000s\000\040\000s\000z\000o\000b\000a\000\040\000r\000\366\000v\000i\000d\000e\000n}{section.2.1}% 6
\BOOKMARK [2][-]{subsection.2.1.4}{\376\377\0002\000.\0001\000.\0004\000.\000\040\000A\000u\000t\000o\000m\000a\000t\000i\000z\000\341\000l\000\341\000s\000\040\000c\000\351\000l\000j\000a}{section.2.1}% 7
\BOOKMARK [0][-]{chapter.3}{\376\377\0003\000.\000\040\000S\000z\000a\000k\000d\000o\000l\000g\000o\000z\000a\000t\000o\000m\000\040\000e\000l\000a\000b\000o\000r\000\341\000l\000\341\000s\000a}{}% 8
\BOOKMARK [1][-]{section.3.1}{\376\377\0003\000.\0001\000.\000\040\000A\000\040\000p\000r\000o\000j\000e\000k\000t\000h\000e\000z\000\040\000t\000a\000r\000t\000o\000z\000\363\000\040\000e\000s\000z\000k\000\366\000z\000\366\000k\000\040\000b\000e\000m\000u\000t\000a\000t\000\341\000s\000a}{chapter.3}% 9
\BOOKMARK [2][-]{subsection.3.1.1}{\376\377\0003\000.\0001\000.\0001\000.\000\040\000L\000\341\000m\000p\000a\000\040\000e\000s\000z\000k\000\366\000z}{section.3.1}% 10
\BOOKMARK [2][-]{subsection.3.1.2}{\376\377\0003\000.\0001\000.\0002\000.\000\040\000N\000y\000\355\000l\000\040\000e\000s\000z\000k\000\366\000z}{section.3.1}% 11
\BOOKMARK [2][-]{subsection.3.1.3}{\376\377\0003\000.\0001\000.\0003\000.\000\040\000H\000a\000n\000g\000s\000z\000\363\000r\000\363\000\040\000e\000s\000z\000k\000\366\000z}{section.3.1}% 12
\BOOKMARK [2][-]{subsection.3.1.4}{\376\377\0003\000.\0001\000.\0004\000.\000\040\000E\000s\000z\000k\000\366\000z\000\366\000k\000\040\000a\000l\000j\000z\000a\000t\000a\000i}{section.3.1}% 13
\BOOKMARK [2][-]{subsection.3.1.5}{\376\377\0003\000.\0001\000.\0005\000.\000\040\000E\000s\000z\000k\000\366\000z\000\366\000k\000\040\000m\001\161\000k\000\366\000d\000t\000e\000t\000\351\000s\000\351\000h\000e\000z\000\040\000s\000z\000\374\000k\000s\000\351\000g\000e\000s\000\040\000k\000\341\000b\000e\000l\000e\000k}{section.3.1}% 14
\BOOKMARK [1][-]{section.3.2}{\376\377\0003\000.\0002\000.\000\040\000C\000\043\000\040\000f\000e\000j\000l\001\121\000d\000\351\000s\000e}{chapter.3}% 15
\BOOKMARK [1][-]{section.3.3}{\376\377\0003\000.\0003\000.\000\040\000D\000y\000n\000a\000m\000i\000c\000\040\000L\000i\000n\000k\000\040\000L\000i\000b\000r\000a\000r\000y\000\040\000m\000i\000n\000t\000\040\000e\000r\001\121\000f\000o\000r\000r\000\341\000s}{chapter.3}% 16
\BOOKMARK [1][-]{section.3.4}{\376\377\0003\000.\0004\000.\000\040\000F\000e\000l\000\374\000l\000e\000t\000\040\000t\000e\000r\000v\000e\000z\000\351\000s\000e}{chapter.3}% 17
\BOOKMARK [2][-]{subsection.3.4.1}{\376\377\0003\000.\0004\000.\0001\000.\000\040\000W\000i\000n\000d\000o\000w\000s\000\040\000F\000o\000r\000m}{section.3.4}% 18
\BOOKMARK [2][-]{subsection.3.4.2}{\376\377\0003\000.\0004\000.\0002\000.\000\040\000E\000s\000z\000k\000\366\000z\000t\000\341\000r}{section.3.4}% 19
\BOOKMARK [2][-]{subsection.3.4.3}{\376\377\0003\000.\0004\000.\0003\000.\000\040\000D\000e\000l\000e\000g\000a\000t\000e\000k}{section.3.4}% 20
\BOOKMARK [2][-]{subsection.3.4.4}{\376\377\0003\000.\0004\000.\0004\000.\000\040\000E\000s\000e\000m\000\351\000n\000y\000e\000k}{section.3.4}% 21
\BOOKMARK [2][-]{subsection.3.4.5}{\376\377\0003\000.\0004\000.\0005\000.\000\040\000A\000\040\000F\000o\000r\000m\000r\000\363\000l\000\040\000\341\000l\000t\000a\000l\000\341\000n\000o\000s\000a\000n}{section.3.4}% 22
\BOOKMARK [2][-]{subsection.3.4.6}{\376\377\0003\000.\0004\000.\0006\000.\000\040\000S\000z\000i\000n\000T\000e\000m\000a\000\040\000o\000s\000z\000t\000\341\000l\000y}{section.3.4}% 23
\BOOKMARK [2][-]{subsection.3.4.7}{\376\377\0003\000.\0004\000.\0007\000.\000\040\000F\000o\000r\000m\000\040\000M\000a\000i\000n\000\040\000M\000e\000n\000u}{section.3.4}% 24
\BOOKMARK [2][-]{subsection.3.4.8}{\376\377\0003\000.\0004\000.\0008\000.\000\040\000F\000o\000r\000m\000\040\000M\000e\000n\000t\000\351\000s}{section.3.4}% 25
\BOOKMARK [2][-]{subsection.3.4.9}{\376\377\0003\000.\0004\000.\0009\000.\000\040\000F\000o\000r\000m\000\040\000B\000e\000t\000\366\000l\000t\000\351\000s}{section.3.4}% 26
\BOOKMARK [2][-]{subsection.3.4.10}{\376\377\0003\000.\0004\000.\0001\0000\000.\000\040\000F\000o\000r\000m\000\040\000S\000z\000e\000r\000k\000e\000s\000z\000t\000\351\000s}{section.3.4}% 27
\BOOKMARK [2][-]{subsection.3.4.11}{\376\377\0003\000.\0004\000.\0001\0001\000.\000\040\000F\000o\000r\000m\000\040\000H\000a\000n\000g\000s\000z\000\363\000r\000\363\000\040\000S\000z\000e\000r\000k\000e\000s\000z\000t\000\351\000s}{section.3.4}% 28
\BOOKMARK [2][-]{subsection.3.4.12}{\376\377\0003\000.\0004\000.\0001\0002\000.\000\040\000F\000o\000r\000m\000\040\000L\000\341\000m\000p\000a\000\040\000S\000z\000e\000r\000k\000e\000s\000z\000t\000\351\000s}{section.3.4}% 29
\BOOKMARK [2][-]{subsection.3.4.13}{\376\377\0003\000.\0004\000.\0001\0003\000.\000\040\000F\000o\000r\000m\000\040\000N\000y\000\355\000l\000\040\000S\000z\000e\000r\000k\000e\000s\000z\000t\000\351\000s}{section.3.4}% 30
